Drill report for vcapf_main.kicad_pcb
Created on Tue Apr 19 12:45:32 2022

Copper Layer Stackup:
    =============================================================
    L1 :  F.Cu                      front
    L2 :  B.Cu                      back


Drill file 'vcapf_main.drl' contains
    plated through holes:
    =============================================================
    T1  0.700mm  0.0276"  (3 holes)
    T2  0.800mm  0.0315"  (116 holes)
    T3  1.000mm  0.0394"  (5 holes)
    T4  1.016mm  0.0400"  (10 holes)
    T5  1.100mm  0.0433"  (4 holes)
    T6  1.300mm  0.0512"  (9 holes)

    Total plated holes count 147


Not plated through holes are merged with plated holes
    unplated through holes:
    =============================================================
    T7  3.200mm  0.1260"  (2 holes)

    Total unplated holes count 2
